<?xml version="1.0" encoding="utf-8"?><testsuites name="pytest tests"><testsuite name="pytest" errors="0" failures="0" skipped="0" tests="4" time="5.533" timestamp="2026-07-22T23:14:44.720901+08:00" hostname="jencao"><testcase classname="mathlab.tests.test_architecture_refactor.TestAIFacade" name="test_classify_intent[\u753b\u4e00\u4e2a\u5706-simple_tool_call]" time="1.143" /><testcase classname="mathlab.tests.test_architecture_refactor.TestAIFacade" name="test_classify_intent[\u7ed8\u5236\u4e09\u89d2\u5f62-simple_tool_call]" time="0.001" /><testcase classname="mathlab.tests.test_architecture_refactor.TestAIFacade" name="test_classify_intent[\u51fa\u4e00\u9053\u6d4b\u9a8c\u9898-simple_tool_call]" time="0.001" /><testcase classname="mathlab.tests.test_architecture_refactor.TestAIFacade" name="test_route_simple_tool_call" time="0.001" /></testsuite></testsuites>